<?xml version="1.0" encoding="UTF-8"?>
<!-- Generated by org.testng.reporters.JUnitReportReporter -->
<testsuite hostname="Sachin" failures="0" tests="1" name="nagp.Tests.PaymentPageTest" time="74.803" errors="0" timestamp="2024-04-21T16:28:11 IST" skipped="0">
  <testcase classname="nagp.Tests.PaymentPageTest" name="PaymentPage" time="74.803"/>
</testsuite> <!-- nagp.Tests.PaymentPageTest -->
