<?xml version="1.0" encoding="UTF-8"?>
<!-- Generated by org.testng.reporters.JUnitReportReporter -->
<testsuite hostname="Sachin" failures="0" tests="1" name="nagp.Tests.PassengerDetailsTest" time="57.668" errors="0" timestamp="2024-04-21T16:28:11 IST" skipped="0">
  <testcase classname="nagp.Tests.PassengerDetailsTest" name="passengerDetails" time="57.668"/>
</testsuite> <!-- nagp.Tests.PassengerDetailsTest -->
