<?xml version="1.0" encoding="UTF-8"?>
<!-- Generated by org.testng.reporters.JUnitReportReporter -->
<testsuite hostname="Sachin" failures="0" tests="1" name="nagp.Tests.SearchBusesTest" time="45.985" errors="0" timestamp="2024-04-21T16:28:11 IST" skipped="0">
  <testcase classname="nagp.Tests.SearchBusesTest" name="searchBuses" time="45.985"/>
</testsuite> <!-- nagp.Tests.SearchBusesTest -->
