<?xml version="1.0" encoding="UTF-8"?>
<!-- Generated by org.testng.reporters.JUnitReportReporter -->
<testsuite hostname="Sachin" failures="0" tests="1" name="nagp.Tests.Standalone" time="96.174" errors="0" timestamp="2024-04-15T10:59:36 IST" skipped="0">
  <testcase classname="nagp.Tests.Standalone" name="redbusbooking" time="96.174"/>
</testsuite> <!-- nagp.Tests.Standalone -->
